Using pre-set license
Built from '2022.3/staging' branch; Version is '2022.3.10f1 (ff3792e53c62) revision 16725906'; Using compiler version '192829333'; Build Type 'Release'
OS: 'Windows 11  (10.0.22621) 64bit Core' Language: 'zh' Physical Memory: 32456 MB
BatchMode: 1, IsHumanControllingUs: 0, StartBugReporterOnCrash: 0, Is64bit: 1, IsPro: 1

COMMAND LINE ARGUMENTS:
E:\UnityPj\2022.3.10f1\Editor\Unity.exe
-adb2
-batchMode
-noUpm
-name
AssetImportWorker2
-projectPath
E:/NYU/2023/Webtoon/webtoon/webtoon
-logFile
Logs/AssetImportWorker2.log
-srvPort
59329
Successfully changed project path to: E:/NYU/2023/Webtoon/webtoon/webtoon
E:/NYU/2023/Webtoon/webtoon/webtoon
[UnityMemory] Configuration Parameters - Can be set up in boot.config
    "memorysetup-bucket-allocator-granularity=16"
    "memorysetup-bucket-allocator-bucket-count=8"
    "memorysetup-bucket-allocator-block-size=33554432"
    "memorysetup-bucket-allocator-block-count=8"
    "memorysetup-main-allocator-block-size=16777216"
    "memorysetup-thread-allocator-block-size=16777216"
    "memorysetup-gfx-main-allocator-block-size=16777216"
    "memorysetup-gfx-thread-allocator-block-size=16777216"
    "memorysetup-cache-allocator-block-size=4194304"
    "memorysetup-typetree-allocator-block-size=2097152"
    "memorysetup-profiler-bucket-allocator-granularity=16"
    "memorysetup-profiler-bucket-allocator-bucket-count=8"
    "memorysetup-profiler-bucket-allocator-block-size=33554432"
    "memorysetup-profiler-bucket-allocator-block-count=8"
    "memorysetup-profiler-allocator-block-size=16777216"
    "memorysetup-profiler-editor-allocator-block-size=1048576"
    "memorysetup-temp-allocator-size-main=16777216"
    "memorysetup-job-temp-allocator-block-size=2097152"
    "memorysetup-job-temp-allocator-block-size-background=1048576"
    "memorysetup-job-temp-allocator-reduction-small-platforms=262144"
    "memorysetup-allocator-temp-initial-block-size-main=262144"
    "memorysetup-allocator-temp-initial-block-size-worker=262144"
    "memorysetup-temp-allocator-size-background-worker=32768"
    "memorysetup-temp-allocator-size-job-worker=262144"
    "memorysetup-temp-allocator-size-preload-manager=33554432"
    "memorysetup-temp-allocator-size-nav-mesh-worker=65536"
    "memorysetup-temp-allocator-size-audio-worker=65536"
    "memorysetup-temp-allocator-size-cloud-worker=32768"
    "memorysetup-temp-allocator-size-gi-baking-worker=262144"
    "memorysetup-temp-allocator-size-gfx=262144"
Player connection [21704] Host "[IP] 192.168.50.23 [Port] 0 [Flags] 2 [Guid] 3317868596 [EditorId] 3317868596 [Version] 1048832 [Id] WindowsEditor(7,JoJoZ_Alien) [Debug] 1 [PackageName] WindowsEditor [ProjectName] Editor" joined multi-casting on [225.0.0.222:54997]...

Player connection [21704] Host "[IP] 192.168.50.23 [Port] 0 [Flags] 2 [Guid] 3317868596 [EditorId] 3317868596 [Version] 1048832 [Id] WindowsEditor(7,JoJoZ_Alien) [Debug] 1 [PackageName] WindowsEditor [ProjectName] Editor" joined alternative multi-casting on [225.0.0.222:34997]...

[Physics::Module] Initialized MultithreadedJobDispatcher with 31 workers.
Refreshing native plugins compatible for Editor in 4.73 ms, found 4 plugins.
Preloading 0 native plugins for Editor in 0.00 ms.
Initialize engine version: 2022.3.10f1 (ff3792e53c62)
[Subsystems] Discovering subsystems at path E:/UnityPj/2022.3.10f1/Editor/Data/Resources/UnitySubsystems
[Subsystems] Discovering subsystems at path E:/NYU/2023/Webtoon/webtoon/webtoon/Assets
GfxDevice: creating device client; threaded=0; jobified=0
Direct3D:
    Version:  Direct3D 11.0 [level 11.1]
    Renderer: NVIDIA GeForce RTX 4070 Laptop GPU (ID=0x2860)
    Vendor:   NVIDIA
    VRAM:     7962 MB
    Driver:   31.0.15.3209
Initialize mono
Mono path[0] = 'E:/UnityPj/2022.3.10f1/Editor/Data/Managed'
Mono path[1] = 'E:/UnityPj/2022.3.10f1/Editor/Data/MonoBleedingEdge/lib/mono/unityjit-win32'
Mono config path = 'E:/UnityPj/2022.3.10f1/Editor/Data/MonoBleedingEdge/etc'
Using monoOptions --debugger-agent=transport=dt_socket,embedding=1,server=y,suspend=n,address=127.0.0.1:56476
Begin MonoManager ReloadAssembly
Registering precompiled unity dll's ...
Register platform support module: E:/UnityPj/2022.3.10f1/Editor/Data/PlaybackEngines/WebGLSupport/UnityEditor.WebGL.Extensions.dll
Register platform support module: E:/UnityPj/2022.3.10f1/Editor/Data/PlaybackEngines/MacStandaloneSupport/UnityEditor.OSXStandalone.Extensions.dll
Register platform support module: E:/UnityPj/2022.3.10f1/Editor/Data/PlaybackEngines/AndroidPlayer/UnityEditor.Android.Extensions.dll
Register platform support module: E:/UnityPj/2022.3.10f1/Editor/Data/PlaybackEngines/iOSSupport/UnityEditor.iOS.Extensions.dll
Register platform support module: E:/UnityPj/2022.3.10f1/Editor/Data/PlaybackEngines/AppleTVSupport/UnityEditor.AppleTV.Extensions.dll
Register platform support module: E:/UnityPj/2022.3.10f1/Editor/Data/PlaybackEngines/WindowsStandaloneSupport/UnityEditor.WindowsStandalone.Extensions.dll
Register platform support module: E:/UnityPj/2022.3.10f1/Editor/Data/PlaybackEngines/LinuxStandaloneSupport/UnityEditor.LinuxStandalone.Extensions.dll
Register platform support module: E:/UnityPj/2022.3.10f1/Editor/Data/PlaybackEngines/MetroSupport/UnityEditor.UWP.Extensions.dll
Registered in 0.005488 seconds.
- Loaded All Assemblies, in  0.222 seconds
Native extension for UWP target not found
Native extension for LinuxStandalone target not found
Native extension for WindowsStandalone target not found
[usbmuxd] Start listen thread
[usbmuxd] Listen thread started
Native extension for AppleTV target not found
[usbmuxd] Start listen thread
[usbmuxd] Listen thread started
Native extension for iOS target not found
Native extension for Android target not found
Android Extension - Scanning For ADB Devices 204 ms
Native extension for OSXStandalone target not found
Native extension for WebGL target not found
Mono: successfully reloaded assembly
- Finished resetting the current domain, in  0.415 seconds
Domain Reload Profiling: 638ms
	BeginReloadAssembly (61ms)
		ExecutionOrderSort (0ms)
		DisableScriptedObjects (0ms)
		BackupInstance (0ms)
		ReleaseScriptingObjects (0ms)
		CreateAndSetChildDomain (0ms)
	RebuildCommonClasses (21ms)
	RebuildNativeTypeToScriptingClass (6ms)
	initialDomainReloadingComplete (35ms)
	LoadAllAssembliesAndSetupDomain (99ms)
		LoadAssemblies (61ms)
		RebuildTransferFunctionScriptingTraits (0ms)
		AnalyzeDomain (97ms)
			TypeCache.Refresh (96ms)
				TypeCache.ScanAssembly (88ms)
			ScanForSourceGeneratedMonoScriptInfo (0ms)
			ResolveRequiredComponents (0ms)
	FinalizeReload (416ms)
		ReleaseScriptCaches (0ms)
		RebuildScriptCaches (0ms)
		SetupLoadedEditorAssemblies (378ms)
			LogAssemblyErrors (0ms)
			InitializePlatformSupportModulesInManaged (293ms)
			SetLoadedEditorAssemblies (3ms)
			RefreshPlugins (0ms)
			BeforeProcessingInitializeOnLoad (1ms)
			ProcessInitializeOnLoadAttributes (53ms)
			ProcessInitializeOnLoadMethodAttributes (28ms)
			AfterProcessingInitializeOnLoad (0ms)
			EditorAssembliesLoaded (0ms)
		ExecutionOrderSort2 (0ms)
		AwakeInstancesAfterBackupRestoration (0ms)
========================================================================
Worker process is ready to serve import requests
Begin MonoManager ReloadAssembly
- Loaded All Assemblies, in  0.404 seconds
Refreshing native plugins compatible for Editor in 1.40 ms, found 4 plugins.
Native extension for UWP target not found
Native extension for LinuxStandalone target not found
Native extension for WindowsStandalone target not found
Native extension for AppleTV target not found
Native extension for iOS target not found
Native extension for Android target not found
Native extension for OSXStandalone target not found
Native extension for WebGL target not found
Package Manager log level set to [2]
[Package Manager] Server::EnsureServerProcessIsRunning -- launch failed, reason: Unity was launched with the -noUpm command-line argument
[Package Manager] UpmClient::Send -- Unable to send message (not connected to UPM process).
[Package Manager] Cannot connect to Unity Package Manager local server
Mono: successfully reloaded assembly
- Finished resetting the current domain, in  0.392 seconds
Domain Reload Profiling: 796ms
	BeginReloadAssembly (84ms)
		ExecutionOrderSort (0ms)
		DisableScriptedObjects (3ms)
		BackupInstance (0ms)
		ReleaseScriptingObjects (0ms)
		CreateAndSetChildDomain (14ms)
	RebuildCommonClasses (23ms)
	RebuildNativeTypeToScriptingClass (7ms)
	initialDomainReloadingComplete (25ms)
	LoadAllAssembliesAndSetupDomain (265ms)
		LoadAssemblies (204ms)
		RebuildTransferFunctionScriptingTraits (0ms)
		AnalyzeDomain (110ms)
			TypeCache.Refresh (92ms)
				TypeCache.ScanAssembly (81ms)
			ScanForSourceGeneratedMonoScriptInfo (13ms)
			ResolveRequiredComponents (3ms)
	FinalizeReload (392ms)
		ReleaseScriptCaches (0ms)
		RebuildScriptCaches (0ms)
		SetupLoadedEditorAssemblies (285ms)
			LogAssemblyErrors (0ms)
			InitializePlatformSupportModulesInManaged (22ms)
			SetLoadedEditorAssemblies (2ms)
			RefreshPlugins (0ms)
			BeforeProcessingInitializeOnLoad (39ms)
			ProcessInitializeOnLoadAttributes (186ms)
			ProcessInitializeOnLoadMethodAttributes (33ms)
			AfterProcessingInitializeOnLoad (2ms)
			EditorAssembliesLoaded (0ms)
		ExecutionOrderSort2 (0ms)
		AwakeInstancesAfterBackupRestoration (4ms)
Launched and connected shader compiler UnityShaderCompiler.exe after 0.07 seconds
Refreshing native plugins compatible for Editor in 1.45 ms, found 4 plugins.
Preloading 0 native plugins for Editor in 0.00 ms.
Unloading 4046 Unused Serialized files (Serialized files now loaded: 0)
Unloading 63 unused Assets / (60.4 KB). Loaded Objects now: 4512.
Memory consumption went from 144.3 MB to 144.2 MB.
Total: 2.489000 ms (FindLiveObjects: 0.240700 ms CreateObjectMapping: 0.057900 ms MarkObjects: 2.090500 ms  DeleteObjects: 0.099100 ms)

AssetImportParameters requested are different than current active one (requested -> active):
  custom:container-demuxer-ogg: 62fdf1f143b41e24485cea50d1cbac27 -> 
  custom:video-codec-MediaFoundation-h265: 746d11721c4dcdbdad8f713fa42b33f4 -> 
  custom:video-decoder-ogg-theora: a1e56fd34408186e4bbccfd4996cb3dc -> 
  custom:framework-win-MediaFoundation: 216162199b28c13a410421893ffa2e32 -> 
  custom:CustomObjectIndexerAttribute: 756ad292c208cfabdd7b50bc23989ffe -> 
  custom:container-demuxer-webm: 4f35f7cbe854078d1ac9338744f61a02 -> 
  custom:container-muxer-webm: aa71ff27fc2769a1b78a27578f13a17b -> 
  custom:video-decoder-webm-vp8: 9c59270c3fd7afecdb556c50c9e8de78 -> 
  custom:SearchIndexIgnoredProperties: e643bd26f0fe6173181afceb89e7c659 -> 
  custom:AudioImporter_EditorPlatform: d09bf68614088b80899f8185d706f6e7 -> 
  custom:video-encoder-webm-vp8: eb34c28f22e8b96e1ab97ce403110664 -> 
  custom:audio-decoder-ogg-vorbis: bf7c407c2cedff20999df2af8eb42d56 -> 
  custom:audio-encoder-webm-vorbis: bf7c407c2cedff20999df2af8eb42d56 -> 
========================================================================
Received Import Request.
  Time since last request: 324147.547020 seconds.
  path: Assets/Resources/Character/Extra/unknown extra 1.png
  artifactKey: Guid(2d0a697ae9ec9cb4c8aa816d522a72d1) Importer(815301076,1909f56bfc062723c751e8b465ee728b)
Start importing Assets/Resources/Character/Extra/unknown extra 1.png using Guid(2d0a697ae9ec9cb4c8aa816d522a72d1) Importer(815301076,1909f56bfc062723c751e8b465ee728b)  -> (artifact id: '608e6046d3abb083c1238e7811e718ab') in 0.135022 seconds
Number of updated asset objects reloaded before import = 0
Number of asset objects unloaded after import = 3
========================================================================
Received Import Request.
  Time since last request: 563.297874 seconds.
  path: Assets/Resources/UI/Clue Notes/note_button_hover.png
  artifactKey: Guid(044d6c2bd6c06d948bbf4737d2ddf884) Importer(815301076,1909f56bfc062723c751e8b465ee728b)
Start importing Assets/Resources/UI/Clue Notes/note_button_hover.png using Guid(044d6c2bd6c06d948bbf4737d2ddf884) Importer(815301076,1909f56bfc062723c751e8b465ee728b)  -> (artifact id: 'bff4db757c9af211df55705080a41091') in 0.024137 seconds
Number of updated asset objects reloaded before import = 0
Number of asset objects unloaded after import = 3
========================================================================
Received Import Request.
  Time since last request: 0.000018 seconds.
  path: Assets/Resources/UI/Clue Notes/note_button_pressed.png
  artifactKey: Guid(99a531d1cea4cde46af263f58b600334) Importer(815301076,1909f56bfc062723c751e8b465ee728b)
Start importing Assets/Resources/UI/Clue Notes/note_button_pressed.png using Guid(99a531d1cea4cde46af263f58b600334) Importer(815301076,1909f56bfc062723c751e8b465ee728b)  -> (artifact id: '54d44edacbd3861804c2039bc80a1fbd') in 0.032962 seconds
Number of updated asset objects reloaded before import = 0
Number of asset objects unloaded after import = 3
========================================================================
Received Import Request.
  Time since last request: 2.405383 seconds.
  path: Assets/Resources/UI/button/button_hover.png
  artifactKey: Guid(4ba78668d657d124984189822ece2d3d) Importer(815301076,1909f56bfc062723c751e8b465ee728b)
Start importing Assets/Resources/UI/button/button_hover.png using Guid(4ba78668d657d124984189822ece2d3d) Importer(815301076,1909f56bfc062723c751e8b465ee728b)  -> (artifact id: 'e6824e2ceea537954c8af11b959be423') in 0.024545 seconds
Number of updated asset objects reloaded before import = 0
Number of asset objects unloaded after import = 3
========================================================================
Received Import Request.
  Time since last request: 0.000012 seconds.
  path: Assets/Resources/UI/button/load_hover.png
  artifactKey: Guid(dc367e6390a31d34d9772617d7fea28f) Importer(815301076,1909f56bfc062723c751e8b465ee728b)
Start importing Assets/Resources/UI/button/load_hover.png using Guid(dc367e6390a31d34d9772617d7fea28f) Importer(815301076,1909f56bfc062723c751e8b465ee728b)  -> (artifact id: '525ef79d0e30eaca00393041fed23526') in 0.023615 seconds
Number of updated asset objects reloaded before import = 0
Number of asset objects unloaded after import = 3
========================================================================
Received Import Request.
  Time since last request: 0.008009 seconds.
  path: Assets/Resources/UI/button/button_pressed.png
  artifactKey: Guid(bb994cdfeddc34a47939c1104e31c006) Importer(815301076,1909f56bfc062723c751e8b465ee728b)
Start importing Assets/Resources/UI/button/button_pressed.png using Guid(bb994cdfeddc34a47939c1104e31c006) Importer(815301076,1909f56bfc062723c751e8b465ee728b)  -> (artifact id: 'd3193eddc3d3fba3ab46bc9d53f8af70') in 0.016168 seconds
Number of updated asset objects reloaded before import = 0
Number of asset objects unloaded after import = 3
========================================================================
Received Import Request.
  Time since last request: 0.000075 seconds.
  path: Assets/Resources/UI/button/quit_defult.png
  artifactKey: Guid(4f701aff247037944bad015ec419fa0d) Importer(815301076,1909f56bfc062723c751e8b465ee728b)
Start importing Assets/Resources/UI/button/quit_defult.png using Guid(4f701aff247037944bad015ec419fa0d) Importer(815301076,1909f56bfc062723c751e8b465ee728b)  -> (artifact id: 'aa5abff30f7ea9a61f468a2ca1dcd589') in 0.017439 seconds
Number of updated asset objects reloaded before import = 0
Number of asset objects unloaded after import = 3
========================================================================
Received Import Request.
  Time since last request: 0.000011 seconds.
  path: Assets/Resources/UI/button/quit_hover.png
  artifactKey: Guid(abc49ba7cef69734d9f5a9c9978b7f0a) Importer(815301076,1909f56bfc062723c751e8b465ee728b)
Start importing Assets/Resources/UI/button/quit_hover.png using Guid(abc49ba7cef69734d9f5a9c9978b7f0a) Importer(815301076,1909f56bfc062723c751e8b465ee728b)  -> (artifact id: '512d7f80a5238d5cb44268ea8e6dc702') in 0.085396 seconds
Number of updated asset objects reloaded before import = 0
Number of asset objects unloaded after import = 3
========================================================================
Received Import Request.
  Time since last request: 0.000010 seconds.
  path: Assets/Resources/UI/button/new game_defult.png
  artifactKey: Guid(a3a9c70190ed4e04a83fbde6fd90d4e5) Importer(815301076,1909f56bfc062723c751e8b465ee728b)
Start importing Assets/Resources/UI/button/new game_defult.png using Guid(a3a9c70190ed4e04a83fbde6fd90d4e5) Importer(815301076,1909f56bfc062723c751e8b465ee728b)  -> (artifact id: 'e53c71c2933de016ccc21d19923f9f5d') in 0.021657 seconds
Number of updated asset objects reloaded before import = 0
Number of asset objects unloaded after import = 3
========================================================================
Received Import Request.
  Time since last request: 2.982611 seconds.
  path: Assets/Resources/UI/button/═╦│÷═╝▒Ω _ menu/menu_button_hover.png
  artifactKey: Guid(59c2fd4c130a9e042a437d3f49af0908) Importer(815301076,1909f56bfc062723c751e8b465ee728b)
Start importing Assets/Resources/UI/button/═╦│÷═╝▒Ω _ menu/menu_button_hover.png using Guid(59c2fd4c130a9e042a437d3f49af0908) Importer(815301076,1909f56bfc062723c751e8b465ee728b)  -> (artifact id: '2cc9668e19b8c427b445c846c690a69a') in 0.018155 seconds
Number of updated asset objects reloaded before import = 0
Number of asset objects unloaded after import = 3
========================================================================
Received Import Request.
  Time since last request: 0.000012 seconds.
  path: Assets/Resources/UI/button/═╦│÷═╝▒Ω _ menu/quit_button_defult.png
  artifactKey: Guid(9615698f2ecea924a86b0021ad53a07b) Importer(815301076,1909f56bfc062723c751e8b465ee728b)
Start importing Assets/Resources/UI/button/═╦│÷═╝▒Ω _ menu/quit_button_defult.png using Guid(9615698f2ecea924a86b0021ad53a07b) Importer(815301076,1909f56bfc062723c751e8b465ee728b)  -> (artifact id: 'a9e40cc79322be70c182b27c2d378eb9') in 0.021720 seconds
Number of updated asset objects reloaded before import = 0
Number of asset objects unloaded after import = 3
========================================================================
Received Import Request.
  Time since last request: 0.000023 seconds.
  path: Assets/Resources/UI/button/═╦│÷═╝▒Ω _ menu/menu_button_pressed.png
  artifactKey: Guid(45311f84c9c359348a9c25cc11154a87) Importer(815301076,1909f56bfc062723c751e8b465ee728b)
Start importing Assets/Resources/UI/button/═╦│÷═╝▒Ω _ menu/menu_button_pressed.png using Guid(45311f84c9c359348a9c25cc11154a87) Importer(815301076,1909f56bfc062723c751e8b465ee728b)  -> (artifact id: '9ba81d76bae50c56b6e346f8f15e1d4d') in 0.020937 seconds
Number of updated asset objects reloaded before import = 0
Number of asset objects unloaded after import = 3
========================================================================
Received Import Request.
  Time since last request: 1.096008 seconds.
  path: Assets/Resources/UI/button/═╦│÷═╝▒Ω _ menu/menu buttons/quit_defult.png
  artifactKey: Guid(d0108fad83f140f4f99cf68c23d2191e) Importer(815301076,1909f56bfc062723c751e8b465ee728b)
Start importing Assets/Resources/UI/button/═╦│÷═╝▒Ω _ menu/menu buttons/quit_defult.png using Guid(d0108fad83f140f4f99cf68c23d2191e) Importer(815301076,1909f56bfc062723c751e8b465ee728b)  -> (artifact id: '6a05ea6e688faf70f4741f1a4175c061') in 0.015124 seconds
Number of updated asset objects reloaded before import = 0
Number of asset objects unloaded after import = 3
========================================================================
Received Import Request.
  Time since last request: 0.000014 seconds.
  path: Assets/Resources/UI/button/═╦│÷═╝▒Ω _ menu/menu buttons/quit_pressed.png
  artifactKey: Guid(61dc5fd3f007f38459703c66326f1f4b) Importer(815301076,1909f56bfc062723c751e8b465ee728b)
Start importing Assets/Resources/UI/button/═╦│÷═╝▒Ω _ menu/menu buttons/quit_pressed.png using Guid(61dc5fd3f007f38459703c66326f1f4b) Importer(815301076,1909f56bfc062723c751e8b465ee728b)  -> (artifact id: 'f18ea252a01b36093133ccf9d1d3f1f0') in 0.022502 seconds
Number of updated asset objects reloaded before import = 0
Number of asset objects unloaded after import = 3
========================================================================
Received Import Request.
  Time since last request: 0.000158 seconds.
  path: Assets/Resources/UI/button/═╦│÷═╝▒Ω _ menu/menu buttons/restart_hover.png
  artifactKey: Guid(5667da60b702fec47bba5bb503ecff8c) Importer(815301076,1909f56bfc062723c751e8b465ee728b)
Start importing Assets/Resources/UI/button/═╦│÷═╝▒Ω _ menu/menu buttons/restart_hover.png using Guid(5667da60b702fec47bba5bb503ecff8c) Importer(815301076,1909f56bfc062723c751e8b465ee728b)  -> (artifact id: '6049d60b77bab04dc0c1ca9e04a0bb15') in 0.024406 seconds
Number of updated asset objects reloaded before import = 0
Number of asset objects unloaded after import = 3
========================================================================
Received Import Request.
  Time since last request: 0.000255 seconds.
  path: Assets/Resources/UI/button/═╦│÷═╝▒Ω _ menu/menu buttons/reposition_hover.png
  artifactKey: Guid(d4a4c79589430094193404ad1be2a31c) Importer(815301076,1909f56bfc062723c751e8b465ee728b)
Start importing Assets/Resources/UI/button/═╦│÷═╝▒Ω _ menu/menu buttons/reposition_hover.png using Guid(d4a4c79589430094193404ad1be2a31c) Importer(815301076,1909f56bfc062723c751e8b465ee728b)  -> (artifact id: 'c14de32b6ba39ef38fdfb49b334fceed') in 0.021158 seconds
Number of updated asset objects reloaded before import = 0
Number of asset objects unloaded after import = 3
========================================================================
Received Import Request.
  Time since last request: 0.000011 seconds.
  path: Assets/Resources/UI/button/═╦│÷═╝▒Ω _ menu/menu buttons/resume_defult.png
  artifactKey: Guid(8521f210567b76f41b22343002c5af52) Importer(815301076,1909f56bfc062723c751e8b465ee728b)
Start importing Assets/Resources/UI/button/═╦│÷═╝▒Ω _ menu/menu buttons/resume_defult.png using Guid(8521f210567b76f41b22343002c5af52) Importer(815301076,1909f56bfc062723c751e8b465ee728b)  -> (artifact id: 'f184de08de33605f373d1a8a7516a833') in 0.016843 seconds
Number of updated asset objects reloaded before import = 0
Number of asset objects unloaded after import = 3
========================================================================
Received Import Request.
  Time since last request: 0.000095 seconds.
  path: Assets/Resources/UI/button/═╦│÷═╝▒Ω _ menu/menu buttons/reposition_pressed.png
  artifactKey: Guid(8a0e64b71b93d2246b933609de261093) Importer(815301076,1909f56bfc062723c751e8b465ee728b)
Start importing Assets/Resources/UI/button/═╦│÷═╝▒Ω _ menu/menu buttons/reposition_pressed.png using Guid(8a0e64b71b93d2246b933609de261093) Importer(815301076,1909f56bfc062723c751e8b465ee728b)  -> (artifact id: '377dd3498ecc47fe7cc962a7244db7b8') in 0.014991 seconds
Number of updated asset objects reloaded before import = 0
Number of asset objects unloaded after import = 3
Editor requested this worker to shutdown with reason: Scaling down because of idle timeout
TcpMessagingSession - receive error: operation aborted. errorcode: 995, details: ?????????????,??? I/O ???
AssetImportWorker is now disconnected from the server
Process exiting
Exiting without the bug reporter. Application will terminate with return code 0